<?xml version="1.0" encoding="utf-8" standalone="no"?>
<!--This file represents the results of running a test suite-->
<test-results name="D:\Projects\Visual Studio\CaseStudyWebApp.Selenium\SeShellTest\bin\debug\SeShell.Test.dll" total="1" errors="0" failures="0" not-run="0" inconclusive="0" ignored="0" skipped="0" invalid="0" date="2014-11-19" time="11:25:54">
  <environment nunit-version="2.6.3.13283" clr-version="4.0.30319.34003" os-version="Microsoft Windows NT 6.2.9200.0" platform="Win32NT" cwd="D:\Projects\Visual Studio\CaseStudyWebApp.Selenium" machine-name="RUZAIKR" user="RuzaikR" user-domain="SERANET" />
  <culture-info current-culture="en-US" current-uiculture="en-GB" />
  <test-suite type="Assembly" name="D:\Projects\Visual Studio\CaseStudyWebApp.Selenium\SeShellTest\bin\debug\SeShell.Test.dll" executed="True" result="Success" success="True" time="14.388" asserts="0">
    <results>
      <test-suite type="Namespace" name="SeShell" executed="True" result="Success" success="True" time="14.372" asserts="0">
        <results>
          <test-suite type="Namespace" name="Test" executed="True" result="Success" success="True" time="14.372" asserts="0">
            <results>
              <test-suite type="Namespace" name="TestCases" executed="True" result="Success" success="True" time="14.372" asserts="0">
                <results>
                  <test-suite type="TestFixture" name="LoginTest" executed="True" result="Success" success="True" time="14.365" asserts="0">
                    <results>
                      <test-case name="SeShell.Test.TestCases.LoginTest.TestSuccessfulLogin" executed="True" result="Success" success="True" time="14.353" asserts="1" />
                    </results>
                  </test-suite>
                  <test-suite type="TestFixture" name="TestSuite" executed="True" result="Inconclusive" success="False" time="0.000" asserts="0" />
                </results>
              </test-suite>
            </results>
          </test-suite>
        </results>
      </test-suite>
    </results>
  </test-suite>
</test-results>